2022-08-27T03:10:20Z Bot is starting up...
2022-08-27T03:10:23Z Bot is ready.
2022-08-27T03:11:05Z [add] 17maple: 1 ken
2022-08-27T03:11:06Z [chat] 17maple: !add 1 ken
2022-08-27T03:11:06Z [chat] Klee: Klee has added a slime to Kenshin! The number of slimes Kenshin has summoned has gone from 41 to 42
2022-08-27T03:11:37Z [add] variant-*: 2 traf
2022-08-27T03:11:37Z [chat] variant-*: !add 2 traf
2022-08-27T03:11:38Z [chat] Klee: Klee has added a slime to traffyboi! The number of slimes traffyboi has summoned has gone from 50 to 52
2022-08-27T03:11:43Z [add] variant-*: 1 donuts
2022-08-27T03:11:43Z [chat] variant-*: !add 1 donuts
2022-08-27T03:11:43Z [chat] Klee: Klee has added a slime to donuts! The number of slimes donuts has summoned has gone from 31 to 32
2022-08-27T03:14:04Z [add] 17maple: 2 tock
2022-08-27T03:14:05Z [chat] 17maple: !add 2 tock
2022-08-27T03:14:05Z [chat] Klee: Klee has added a slime to Tock! The number of slimes Tock has summoned has gone from 4 to 6
2022-08-27T03:32:08Z [chat] DoujinKAMI: <@&887894985398157363> lux
2022-08-27T03:32:09Z [chat] Klee: Woah! It is a slime!  (Ôæâ>œâ<)Ôæâ  Klee has counted 7 slimes for luxury777!
2022-08-27T03:35:11Z [chat] Vent (Aile): ded
2022-08-27T03:52:00Z [chat] esyw: <@&887894985398157363> me
2022-08-27T03:52:00Z [chat] Klee: Woah! It is a slime!  (Ôæâ>œâ<)Ôæâ  Klee has counted 8 slimes for esyw!
2022-08-27T03:54:23Z [chat] DoujinKAMI: damn i zoomed
2022-08-27T03:54:32Z [chat] DoujinKAMI: o wait nvm
2022-08-27T03:56:31Z [chat] variant-*: <@&887894985398157363> aile
2022-08-27T03:56:31Z [chat] Klee: Woah! It is a slime!  (Ôæâ>œâ<)Ôæâ  Klee has counted 12 slimes for aile!
2022-08-27T04:02:40Z [chat] Gold Hunter: dead
2022-08-27T04:22:01Z [chat] Tedo: <@&887894985398157363> tock
2022-08-27T04:22:01Z [chat] Klee: Woah! It is a slime!  (Ôæâ>œâ<)Ôæâ  Klee has counted 7 slimes for Tock!
2022-08-27T04:22:32Z [chat] mUmU: gone?
2022-08-27T04:22:38Z [chat] Gold Hunter: i didnt see it
2022-08-27T04:24:12Z [chat] esyw: ?
2022-08-27T04:24:32Z [chat] Tedo: new member
2022-08-27T04:24:38Z [chat] Tedo: also ded at 13
2022-08-27T04:24:56Z [chat] Vent (Aile): tock is in slayers
2022-08-27T04:25:01Z [chat] Vent (Aile): pinged first there at :19
2022-08-27T04:25:03Z [chat] esyw: I know new member
2022-08-27T04:25:15Z [chat] Vent (Aile): late on our side
2022-08-27T04:25:26Z [chat] Tedo: don‚Äôt recognize any of names on the battle log
2022-08-27T04:25:35Z [chat] Tedo: i think i‚Äôm first from AGE
2022-08-27T04:25:39Z [chat] esyw: Double agent
2022-08-27T04:26:05Z [chat] esyw: Ultra member hardly can go in his slime
2022-08-27T04:26:13Z [chat] esyw: Happen few times
2022-08-27T04:27:14Z [chat] DoujinKAMI: yeah tock gets full slots mad fast
2022-08-27T04:29:57Z [chat] Ophianne: @ultra me
2022-08-27T04:30:22Z [chat] ainthe: <@&887894985398157363> ophianne
2022-08-27T04:30:22Z [chat] Klee: Woah! It is a slime!  (Ôæâ>œâ<)Ôæâ  Klee has counted 10 slimes for Ophianne!
2022-08-27T04:51:30Z [chat] mUmU: <@&887894985398157363> me
2022-08-27T04:51:31Z [chat] Klee: Woah! It is a slime!  (Ôæâ>œâ<)Ôæâ  Klee has counted 4 slimes for mUmU!
2022-08-27T04:53:33Z [chat] esyw: Full
2022-08-27T04:55:43Z [chat] Tedo: <@&887894985398157363> me
2022-08-27T04:55:45Z [chat] Klee: Woah! It is a slime!  (Ôæâ>œâ<)Ôæâ  Klee has counted 7 slimes for Tedo!
2022-08-27T05:08:59Z [chat] mUmU: <@&887894985398157363> <@364344681129312257>
2022-08-27T05:09:00Z [chat] Klee: Woah! It is a slime!  (Ôæâ>œâ<)Ôæâ  Klee has counted 8 slimes for Pengest!
2022-08-27T05:09:04Z [chat] Pengest: Ty üôÇ
2022-08-27T05:12:47Z [chat] DoujinKAMI: ded
2022-08-27T05:29:38Z [chat] Cats On Mars: <@&887894985398157363> me
2022-08-27T05:29:39Z [chat] Klee: Woah! It is a slime!  (Ôæâ>œâ<)Ôæâ  Klee has counted 6 slimes for Cats On Mars!
2022-08-27T05:52:03Z [chat] DoujinKAMI: <@&887894985398157363> me
2022-08-27T05:52:03Z [chat] Klee: Woah! It is a slime!  (Ôæâ>œâ<)Ôæâ  Klee has counted 12 slimes for DoujinKAMI!
2022-08-27T05:52:15Z [chat] DoujinKAMI: finally
2022-08-27T05:53:16Z [chat] Vent (Aile): <:1010:887934359909330994>
2022-08-27T05:53:37Z [chat] DoujinKAMI: met my daily quota of 1 slime
2022-08-27T05:53:47Z [chat] Vent (Aile): now summon 40 more and beat traff
2022-08-27T05:53:57Z [chat] Vent (Aile): <:Hephlaugh:887924849148829696>
2022-08-27T05:54:16Z [chat] DoujinKAMI: <:feelspainman:887929815347367948>
2022-08-27T06:00:19Z [chat] Tedo: <@&887894985398157363> doujin
2022-08-27T06:00:20Z [chat] DoujinKAMI: <@&887894985398157363> me
2022-08-27T06:00:20Z [chat] Klee: Woah! It is a slime!  (Ôæâ>œâ<)Ôæâ  Klee has counted 13 slimes for DoujinKAMI!
2022-08-27T06:00:20Z [chat] Klee: Woah! It is a slime!  (Ôæâ>œâ<)Ôæâ  Klee has counted 14 slimes for DoujinKAMI!
2022-08-27T06:00:35Z [chat] Tedo: !doubleping doujin
2022-08-27T06:00:35Z [chat] Klee: Klee has subtracted a slime from DoujinKAMI! The number of slimes DoujinKAMI has summoned has gone from 14 to 13
2022-08-27T06:00:42Z [chat] DoujinKAMI: oh wow the complaining curse
2022-08-27T06:00:52Z [chat] DoujinKAMI: back at it again
2022-08-27T06:00:53Z [chat] Vent (Aile): 4head
2022-08-27T06:01:09Z [chat] Vent (Aile): its real
2022-08-27T06:01:26Z [chat] DoujinKAMI: im a believer now
2022-08-27T06:03:24Z [chat] Vent (Aile): ded
2022-08-27T06:03:58Z [chat] Vent (Aile): not sure if ted zoomed or not
2022-08-27T06:04:11Z [chat] Vent (Aile): tried getting in at the tail end of :02
2022-08-27T06:05:47Z [chat] Tedo: still paused
2022-08-27T06:06:00Z [chat] DoujinKAMI: i think he means rando
2022-08-27T06:06:06Z [chat] DoujinKAMI: ill kick just in case
2022-08-27T06:06:49Z [chat] Tedo: ahhh there was another ted- name
2022-08-27T06:07:03Z [chat] Vent (Aile): lol yeah ted then a bunch of numbers
2022-08-27T06:08:45Z [chat] Vent (Aile): <@&887894985398157363> traff
2022-08-27T06:08:46Z [chat] Klee: Woah! It is a slime!  (Ôæâ>œâ<)Ôæâ  Klee has counted 53 slimes for traffyboi!
2022-08-27T06:09:35Z [chat] traffyboi: tell me if it gets zoomed pls
2022-08-27T06:10:21Z [chat] Vent (Aile): ill kill it now
2022-08-27T06:10:40Z [chat] Vent (Aile): sakura
2022-08-27T06:11:04Z [chat] Vent (Aile): 
2022-08-27T06:11:22Z [chat] traffyboi: sigh I knew it
2022-08-27T06:11:26Z [chat] traffyboi: was first to enter
2022-08-27T06:13:08Z [chat] traffyboi: gonna yeet them next time they do it...been asked twice this raid already
2022-08-27T06:13:22Z [chat] Vent (Aile): also been asked several times in previous raids üëÄ
2022-08-27T06:14:05Z [chat] traffyboi: I know...but this time I actually have other ppl asking too, not just me, so hopefully...... <:pain:893907255236390962>
2022-08-27T06:15:45Z [chat] Vent (Aile): https://tenor.com/view/i-said-im-gonna-change-but-i-know-i-wont-singing-music-change-settled-gif-14712465
2022-08-27T06:23:48Z [chat] DoujinKAMI: <@&887894985398157363> me
2022-08-27T06:23:48Z ERROR TRACE:
Traceback (most recent call last):
  File "main.py", line 283, in message
    await message.channel.send(reply_msg)
  File "/opt/virtualenvs/python3/lib/python3.8/site-packages/discord/abc.py", line 1065, in send
    data = await state.http.send_message(channel.id, content, tts=tts, embed=embed,
  File "/opt/virtualenvs/python3/lib/python3.8/site-packages/discord/http.py", line 216, in request
    raise HTTPException(r, data)
discord.errors.HTTPException: 429 Too Many Requests (error code: 0): You are being blocked from accessing our API temporarily due to exceeding our rate limits frequently. Please read our docs at https://discord.com/developers/docs/topics/rate-limits to prevent this moving forward.

During handling of the above exception, another exception occurred:

Traceback (most recent call last):
  File "main.py", line 286, in message
    except HTTPException:
NameError: name 'HTTPException' is not defined
# TRACE END

2022-08-27T06:24:36Z [chat] Pengest: Legend
2022-08-27T06:25:11Z [chat] DoujinKAMI: I guess ill get to work on those 40 slimes
2022-08-27T06:25:18Z [chat] Vent (Aile): jfc got stuck in an extra long ad
2022-08-27T06:25:21Z [chat] Vent (Aile): barely got in
2022-08-27T06:27:05Z ERROR TRACE:
Traceback (most recent call last):
  File "main.py", line 601, in ping
    await ctx.send('pong!')
  File "/opt/virtualenvs/python3/lib/python3.8/site-packages/discord/abc.py", line 1065, in send
    data = await state.http.send_message(channel.id, content, tts=tts, embed=embed,
  File "/opt/virtualenvs/python3/lib/python3.8/site-packages/discord/http.py", line 216, in request
    raise HTTPException(r, data)
discord.errors.HTTPException: 429 Too Many Requests (error code: 0): You are being blocked from accessing our API temporarily due to exceeding our rate limits frequently. Please read our docs at https://discord.com/developers/docs/topics/rate-limits to prevent this moving forward.
# TRACE END

2022-08-27T06:27:24Z [chat] traffyboi: ded
2022-08-27T06:27:27Z [chat] traffyboi: 12 only
2022-08-27T06:27:43Z [chat] DoujinKAMI: were there any randos?
2022-08-27T06:27:46Z [chat] traffyboi: nah
2022-08-27T06:27:49Z [chat] traffyboi: I killed first
2022-08-27T06:27:53Z [chat] traffyboi: after 3 mins
2022-08-27T06:28:01Z [chat] traffyboi: <:happypepeshrug:601273920615743498>
2022-08-27T06:28:13Z [chat] traffyboi: gotta kill faster if I wanna keep vent out I guess
2022-08-27T06:28:23Z [chat] DoujinKAMI: lmaooo
2022-08-27T06:28:34Z [chat] traffyboi: <:smug:549910520862474240>
2022-08-27T06:29:46Z [chat] Vent (Aile): üó°Ô∏è
2022-08-27T06:51:17Z [chat] traffyboi: <@&887894985398157363> me
2022-08-27T06:51:17Z ERROR TRACE:
Traceback (most recent call last):
  File "main.py", line 283, in message
    await message.channel.send(reply_msg)
  File "/opt/virtualenvs/python3/lib/python3.8/site-packages/discord/abc.py", line 1065, in send
    data = await state.http.send_message(channel.id, content, tts=tts, embed=embed,
  File "/opt/virtualenvs/python3/lib/python3.8/site-packages/discord/http.py", line 216, in request
    raise HTTPException(r, data)
discord.errors.HTTPException: 429 Too Many Requests (error code: 0): You are being blocked from accessing our API temporarily due to exceeding our rate limits frequently. Please read our docs at https://discord.com/developers/docs/topics/rate-limits to prevent this moving forward.

During handling of the above exception, another exception occurred:

Traceback (most recent call last):
  File "main.py", line 286, in message
    except HTTPException:
NameError: name 'HTTPException' is not defined
# TRACE END

2022-08-27T06:53:17Z [chat] Vent (Aile): ded
2022-08-27T06:54:25Z [chat] Vent (Aile): catch the zoomer
2022-08-27T06:54:32Z [chat] DoujinKAMI: link
2022-08-27T06:54:40Z [chat] DoujinKAMI: i killed when you said ded
2022-08-27T06:55:01Z [chat] traffyboi: 
2022-08-27T06:55:11Z [chat] traffyboi: <@139262103214227456> too fast
2022-08-27T06:55:53Z [chat] Link2D3atH: <:WorryEyes:887929819852050442> i thought  pause
2022-08-27T07:21:14Z [chat] Vent (Aile): <@&887894985398157363> vent
2022-08-27T07:21:14Z ERROR TRACE:
Traceback (most recent call last):
  File "main.py", line 314, in message
    await message.channel.send(reply_msg)
  File "/opt/virtualenvs/python3/lib/python3.8/site-packages/discord/abc.py", line 1065, in send
    data = await state.http.send_message(channel.id, content, tts=tts, embed=embed,
  File "/opt/virtualenvs/python3/lib/python3.8/site-packages/discord/http.py", line 216, in request
    raise HTTPException(r, data)
discord.errors.HTTPException: 429 Too Many Requests (error code: 0): You are being blocked from accessing our API temporarily due to exceeding our rate limits frequently. Please read our docs at https://discord.com/developers/docs/topics/rate-limits to prevent this moving forward.

During handling of the above exception, another exception occurred:

Traceback (most recent call last):
  File "main.py", line 317, in message
    except HTTPException:
NameError: name 'HTTPException' is not defined
# TRACE END

